  glad.c
  CoreOpenGL.cpp
  ModelManager.cpp
C:\Users\Erick\Documents\Visual Studio 2022\PROYECTO_COMPU\OpenGL\OpenGL_Stuff\include\learnopengl\shader.h(56,40): warning C4101: 'e': unreferenced local variable
  (compiling source file 'src/Core/ModelManager.cpp')
  
C:\Users\Erick\Documents\Visual Studio 2022\PROYECTO_COMPU\OpenGL\OpenGL_Stuff\include\learnopengl\mesh.h(84,50): warning C4267: 'argument': conversion from 'size_t' to 'GLsizei', possible loss of data
  (compiling source file 'src/Core/ModelManager.cpp')
  
  ShaderManager.cpp
  Engine.cpp
C:\Users\Erick\Documents\Visual Studio 2022\PROYECTO_COMPU\OpenGL\OpenGL_Stuff\include\learnopengl\mesh.h(84,50): warning C4267: 'argument': conversion from 'size_t' to 'GLsizei', possible loss of data
  (compiling source file 'src/Engine.cpp')
  
  ActionType.h
  ChestEntity.cpp
C:\Users\Erick\Documents\Visual Studio 2022\PROYECTO_COMPU\OpenGL\OpenGL_Stuff\include\learnopengl\mesh.h(84,50): warning C4267: 'argument': conversion from 'size_t' to 'GLsizei', possible loss of data
  (compiling source file 'src/Game/Entity/Chest/ChestEntity.cpp')
  
  CoinEntity.cpp
C:\Users\Erick\Documents\Visual Studio 2022\PROYECTO_COMPU\OpenGL\OpenGL_Stuff\include\learnopengl\mesh.h(84,50): warning C4267: 'argument': conversion from 'size_t' to 'GLsizei', possible loss of data
  (compiling source file 'src/Game/Entity/Coin/CoinEntity.cpp')
  
  ZombieEntity.cpp
C:\Users\Erick\Documents\Visual Studio 2022\PROYECTO_COMPU\OpenGL\OpenGL_Stuff\include\learnopengl\mesh.h(84,50): warning C4267: 'argument': conversion from 'size_t' to 'GLsizei', possible loss of data
  (compiling source file 'src/Game/Entity/Enemy/ZombieEntity.cpp')
  
  EntityFactory.cpp
C:\Users\Erick\Documents\Visual Studio 2022\PROYECTO_COMPU\OpenGL\OpenGL_Stuff\include\learnopengl\mesh.h(84,50): warning C4267: 'argument': conversion from 'size_t' to 'GLsizei', possible loss of data
  (compiling source file 'src/Game/Entity/EntityFactory.cpp')
  
  LightEntity.cpp
C:\Users\Erick\Documents\Visual Studio 2022\PROYECTO_COMPU\OpenGL\OpenGL_Stuff\include\learnopengl\mesh.h(84,50): warning C4267: 'argument': conversion from 'size_t' to 'GLsizei', possible loss of data
  (compiling source file 'src/Game/Entity/Lights/LightEntity.cpp')
  
  Game.cpp
C:\Users\Erick\Documents\Visual Studio 2022\PROYECTO_COMPU\OpenGL\OpenGL_Stuff\include\learnopengl\mesh.h(84,50): warning C4267: 'argument': conversion from 'size_t' to 'GLsizei', possible loss of data
  (compiling source file 'src/Game/Game.cpp')
  
  Hitbox.cpp
C:\Users\Erick\Documents\Visual Studio 2022\PROYECTO_COMPU\OpenGL\OpenGL\src\Game\Hitbox\Hitbox.cpp(57,43): warning C4267: 'argument': conversion from 'size_t' to 'GLsizei', possible loss of data
  Map.cpp
C:\Users\Erick\Documents\Visual Studio 2022\PROYECTO_COMPU\OpenGL\OpenGL_Stuff\include\learnopengl\shader.h(56,40): warning C4101: 'e': unreferenced local variable
  (compiling source file 'src/Game/Map/Map.cpp')
  
C:\Users\Erick\Documents\Visual Studio 2022\PROYECTO_COMPU\OpenGL\OpenGL_Stuff\include\learnopengl\mesh.h(84,50): warning C4267: 'argument': conversion from 'size_t' to 'GLsizei', possible loss of data
  (compiling source file 'src/Game/Map/Map.cpp')
  
  Player.cpp
C:\Users\Erick\Documents\Visual Studio 2022\PROYECTO_COMPU\OpenGL\OpenGL_Stuff\include\learnopengl\mesh.h(84,50): warning C4267: 'argument': conversion from 'size_t' to 'GLsizei', possible loss of data
  (compiling source file 'src/Game/Player.cpp')
  
  Input.cpp
  Main.cpp
  Generating Code...
glfw3.lib(init.obj) : warning LNK4099: PDB '' was not found with 'glfw3.lib(init.obj)' or at ''; linking object as if no debug info
glfw3.lib(window.obj) : warning LNK4099: PDB '' was not found with 'glfw3.lib(window.obj)' or at ''; linking object as if no debug info
glfw3.lib(context.obj) : warning LNK4099: PDB '' was not found with 'glfw3.lib(context.obj)' or at ''; linking object as if no debug info
glfw3.lib(input.obj) : warning LNK4099: PDB '' was not found with 'glfw3.lib(input.obj)' or at ''; linking object as if no debug info
glfw3.lib(win32_time.obj) : warning LNK4099: PDB '' was not found with 'glfw3.lib(win32_time.obj)' or at ''; linking object as if no debug info
glfw3.lib(win32_thread.obj) : warning LNK4099: PDB '' was not found with 'glfw3.lib(win32_thread.obj)' or at ''; linking object as if no debug info
glfw3.lib(platform.obj) : warning LNK4099: PDB '' was not found with 'glfw3.lib(platform.obj)' or at ''; linking object as if no debug info
glfw3.lib(monitor.obj) : warning LNK4099: PDB '' was not found with 'glfw3.lib(monitor.obj)' or at ''; linking object as if no debug info
glfw3.lib(vulkan.obj) : warning LNK4099: PDB '' was not found with 'glfw3.lib(vulkan.obj)' or at ''; linking object as if no debug info
glfw3.lib(win32_init.obj) : warning LNK4099: PDB '' was not found with 'glfw3.lib(win32_init.obj)' or at ''; linking object as if no debug info
glfw3.lib(null_init.obj) : warning LNK4099: PDB '' was not found with 'glfw3.lib(null_init.obj)' or at ''; linking object as if no debug info
glfw3.lib(win32_module.obj) : warning LNK4099: PDB '' was not found with 'glfw3.lib(win32_module.obj)' or at ''; linking object as if no debug info
glfw3.lib(win32_monitor.obj) : warning LNK4099: PDB '' was not found with 'glfw3.lib(win32_monitor.obj)' or at ''; linking object as if no debug info
glfw3.lib(win32_window.obj) : warning LNK4099: PDB '' was not found with 'glfw3.lib(win32_window.obj)' or at ''; linking object as if no debug info
glfw3.lib(win32_joystick.obj) : warning LNK4099: PDB '' was not found with 'glfw3.lib(win32_joystick.obj)' or at ''; linking object as if no debug info
glfw3.lib(wgl_context.obj) : warning LNK4099: PDB '' was not found with 'glfw3.lib(wgl_context.obj)' or at ''; linking object as if no debug info
glfw3.lib(egl_context.obj) : warning LNK4099: PDB '' was not found with 'glfw3.lib(egl_context.obj)' or at ''; linking object as if no debug info
glfw3.lib(osmesa_context.obj) : warning LNK4099: PDB '' was not found with 'glfw3.lib(osmesa_context.obj)' or at ''; linking object as if no debug info
glfw3.lib(null_monitor.obj) : warning LNK4099: PDB '' was not found with 'glfw3.lib(null_monitor.obj)' or at ''; linking object as if no debug info
glfw3.lib(null_window.obj) : warning LNK4099: PDB '' was not found with 'glfw3.lib(null_window.obj)' or at ''; linking object as if no debug info
glfw3.lib(null_joystick.obj) : warning LNK4099: PDB '' was not found with 'glfw3.lib(null_joystick.obj)' or at ''; linking object as if no debug info
  OpenGL.vcxproj -> C:\Users\Erick\Documents\Visual Studio 2022\PROYECTO_COMPU\OpenGL\x64\Debug\OpenGL.exe
